<?xml version="1.0" encoding="UTF-8"?>
<testsuite xmlns:xsi="http://www.w3.org/2001/XMLSchema-instance" xsi:noNamespaceSchemaLocation="https://maven.apache.org/surefire/maven-surefire-plugin/xsd/surefire-test-report.xsd" version="3.0.2" name="com.example.demo.DemoApplicationTests" time="6.124" tests="1" errors="0" skipped="0" failures="0">
  <properties>
[...]
</properties>
  <testcase name="contextLoads" classname="com.example.demo.DemoApplicationTests" time="1.067">
    <system-out><![CDATA[08:11:40.189 [main] INFO org.springframework.test.context.support.AnnotationConfigContextLoaderUtils -- Could not detect default configuration classes for test class [com.example.demo.DemoApplicationTests]: DemoApplicationTests does not declare any static, non-private, non-final, nested classes annotated with @Configuration.
08:11:40.400 [main] INFO org.springframework.boot.test.context.SpringBootTestContextBootstrapper -- Found @SpringBootConfiguration com.example.demo.DemoApplication for test class com.example.demo.DemoApplicationTests

  .   ____          _            __ _ _
 /\\ / ___'_ __ _ _(_)_ __  __ _ \ \ \ \
( ( )\___ | '_ | '_| | '_ \/ _` | \ \ \ \
 \\/  ___)| |_)| | | | | || (_| |  ) ) ) )
  '  |____| .__|_| |_|_| |_\__, | / / / /
 =========|_|==============|___/=/_/_/_/

 :: Spring Boot ::                (v3.5.0)

2025-06-02T08:11:41.284+05:30  INFO 38908 --- [demo] [           main] com.example.demo.DemoApplicationTests    : Starting DemoApplicationTests using Java 23.0.2 with PID 38908 (started by aman7 in C:\Users\aman7\Downloads\demo\demo)
2025-06-02T08:11:41.285+05:30  INFO 38908 --- [demo] [           main] com.example.demo.DemoApplicationTests    : No active profile set, falling back to 1 default profile: "default"
2025-06-02T08:11:42.347+05:30  INFO 38908 --- [demo] [           main] .s.d.r.c.RepositoryConfigurationDelegate : Bootstrapping Spring Data MongoDB repositories in DEFAULT mode.
2025-06-02T08:11:42.438+05:30  INFO 38908 --- [demo] [           main] .s.d.r.c.RepositoryConfigurationDelegate : Finished Spring Data repository scanning in 76 ms. Found 1 MongoDB repository interface.
2025-06-02T08:11:43.578+05:30  INFO 38908 --- [demo] [vkv.mongodb.net] org.mongodb.driver.cluster               : Adding discovered server cluster0-shard-00-00.kgvkv.mongodb.net:27017 to client view of cluster
2025-06-02T08:11:43.584+05:30  INFO 38908 --- [demo] [           main] org.mongodb.driver.client                : MongoClient with metadata {"driver": {"name": "mongo-java-driver|sync|spring-boot", "version": "5.4.0"}, "os": {"type": "Windows", "name": "Windows 11", "architecture": "amd64", "version": "10.0"}, "platform": "Java/Oracle Corporation/23.0.2+7-58"} created with settings MongoClientSettings{readPreference=primary, writeConcern=WriteConcern{w=null, wTimeout=null ms, journal=null}, retryWrites=true, retryReads=true, readConcern=ReadConcern{level=null}, credential=MongoCredential{mechanism=null, userName='aman7549raj', source='admin', password=<hidden>, mechanismProperties=<hidden>}, transportSettings=null, commandListeners=[], codecRegistry=ProvidersCodecRegistry{codecProviders=[ValueCodecProvider{}, BsonValueCodecProvider{}, DBRefCodecProvider{}, DBObjectCodecProvider{}, DocumentCodecProvider{}, CollectionCodecProvider{}, IterableCodecProvider{}, MapCodecProvider{}, GeoJsonCodecProvider{}, GridFSFileCodecProvider{}, Jsr310CodecProvider{}, JsonObjectCodecProvider{}, BsonCodecProvider{}, EnumCodecProvider{}, com.mongodb.client.model.mql.ExpressionCodecProvider@6ec63f8, com.mongodb.Jep395RecordCodecProvider@66223d94, com.mongodb.KotlinCodecProvider@2bc7db89]}, loggerSettings=LoggerSettings{maxDocumentLength=1000}, clusterSettings={hosts=[127.0.0.1:27017], srvHost=cluster0.kgvkv.mongodb.net, srvServiceName=mongodb, mode=MULTIPLE, requiredClusterType=REPLICA_SET, requiredReplicaSetName='atlas-6gkk5u-shard-0', serverSelector='null', clusterListeners='[]', serverSelectionTimeout='30000 ms', localThreshold='15 ms'}, socketSettings=SocketSettings{connectTimeoutMS=10000, readTimeoutMS=0, receiveBufferSize=0, proxySettings=ProxySettings{host=null, port=null, username=null, password=null}}, heartbeatSocketSettings=SocketSettings{connectTimeoutMS=10000, readTimeoutMS=10000, receiveBufferSize=0, proxySettings=ProxySettings{host=null, port=null, username=null, password=null}}, connectionPoolSettings=ConnectionPoolSettings{maxSize=100, minSize=0, maxWaitTimeMS=120000, maxConnectionLifeTimeMS=0, maxConnectionIdleTimeMS=0, maintenanceInitialDelayMS=0, maintenanceFrequencyMS=60000, connectionPoolListeners=[], maxConnecting=2}, serverSettings=ServerSettings{heartbeatFrequencyMS=10000, minHeartbeatFrequencyMS=500, serverMonitoringMode=AUTO, serverListeners='[]', serverMonitorListeners='[]'}, sslSettings=SslSettings{enabled=true, invalidHostNameAllowed=false, context=null}, applicationName='null', compressorList=[], uuidRepresentation=JAVA_LEGACY, serverApi=null, autoEncryptionSettings=null, dnsClient=null, inetAddressResolver=null, contextProvider=null, timeoutMS=null}
2025-06-02T08:11:43.623+05:30  INFO 38908 --- [demo] [vkv.mongodb.net] org.mongodb.driver.cluster               : Adding discovered server cluster0-shard-00-01.kgvkv.mongodb.net:27017 to client view of cluster
2025-06-02T08:11:43.626+05:30  INFO 38908 --- [demo] [vkv.mongodb.net] org.mongodb.driver.cluster               : Adding discovered server cluster0-shard-00-02.kgvkv.mongodb.net:27017 to client view of cluster
2025-06-02T08:11:43.742+05:30  WARN 38908 --- [demo] [           main] o.s.data.convert.CustomConversions       : Registering converter from interface java.util.List to interface org.springframework.data.domain.Vector as reading converter although it doesn't convert from a store-supported type; You might want to check your annotation setup at the converter implementation
2025-06-02T08:11:43.898+05:30  WARN 38908 --- [demo] [           main] o.s.data.convert.CustomConversions       : Registering converter from interface java.util.List to interface org.springframework.data.domain.Vector as reading converter although it doesn't convert from a store-supported type; You might want to check your annotation setup at the converter implementation
2025-06-02T08:11:44.320+05:30  INFO 38908 --- [demo] [ngodb.net:27017] org.mongodb.driver.cluster               : Monitor thread successfully connected to server with description ServerDescription{address=cluster0-shard-00-02.kgvkv.mongodb.net:27017, type=REPLICA_SET_PRIMARY, cryptd=false, state=CONNECTED, ok=true, minWireVersion=0, maxWireVersion=25, maxDocumentSize=16777216, logicalSessionTimeoutMinutes=30, roundTripTimeNanos=403967600, minRoundTripTimeNanos=0, setName='atlas-6gkk5u-shard-0', canonicalAddress=cluster0-shard-00-02.kgvkv.mongodb.net:27017, hosts=[cluster0-shard-00-00.kgvkv.mongodb.net:27017, cluster0-shard-00-01.kgvkv.mongodb.net:27017, cluster0-shard-00-02.kgvkv.mongodb.net:27017], passives=[], arbiters=[], primary='cluster0-shard-00-02.kgvkv.mongodb.net:27017', tagSet=TagSet{[Tag{name='availabilityZone', value='aps1-az2'}, Tag{name='diskState', value='READY'}, Tag{name='nodeType', value='ELECTABLE'}, Tag{name='provider', value='AWS'}, Tag{name='region', value='AP_SOUTH_1'}, Tag{name='workloadType', value='OPERATIONAL'}]}, electionId=7fffffff00000000000000db, setVersion=250, topologyVersion=TopologyVersion{processId=682d679b204cf9bb75db909d, counter=9}, lastWriteDate=Mon Jun 02 08:11:45 IST 2025, lastUpdateTimeNanos=1515595876742300}
2025-06-02T08:11:44.320+05:30  INFO 38908 --- [demo] [ngodb.net:27017] org.mongodb.driver.cluster               : Monitor thread successfully connected to server with description ServerDescription{address=cluster0-shard-00-01.kgvkv.mongodb.net:27017, type=REPLICA_SET_SECONDARY, cryptd=false, state=CONNECTED, ok=true, minWireVersion=0, maxWireVersion=25, maxDocumentSize=16777216, logicalSessionTimeoutMinutes=30, roundTripTimeNanos=402949400, minRoundTripTimeNanos=0, setName='atlas-6gkk5u-shard-0', canonicalAddress=cluster0-shard-00-01.kgvkv.mongodb.net:27017, hosts=[cluster0-shard-00-00.kgvkv.mongodb.net:27017, cluster0-shard-00-01.kgvkv.mongodb.net:27017, cluster0-shard-00-02.kgvkv.mongodb.net:27017], passives=[], arbiters=[], primary='cluster0-shard-00-02.kgvkv.mongodb.net:27017', tagSet=TagSet{[Tag{name='availabilityZone', value='aps1-az3'}, Tag{name='diskState', value='READY'}, Tag{name='nodeType', value='ELECTABLE'}, Tag{name='provider', value='AWS'}, Tag{name='region', value='AP_SOUTH_1'}, Tag{name='workloadType', value='OPERATIONAL'}]}, electionId=null, setVersion=250, topologyVersion=TopologyVersion{processId=682d69d858b64caa75dd498c, counter=5}, lastWriteDate=Mon Jun 02 08:11:45 IST 2025, lastUpdateTimeNanos=1515595876742200}
2025-06-02T08:11:44.320+05:30  INFO 38908 --- [demo] [ngodb.net:27017] org.mongodb.driver.cluster               : Monitor thread successfully connected to server with description ServerDescription{address=cluster0-shard-00-00.kgvkv.mongodb.net:27017, type=REPLICA_SET_SECONDARY, cryptd=false, state=CONNECTED, ok=true, minWireVersion=0, maxWireVersion=25, maxDocumentSize=16777216, logicalSessionTimeoutMinutes=30, roundTripTimeNanos=426420700, minRoundTripTimeNanos=0, setName='atlas-6gkk5u-shard-0', canonicalAddress=cluster0-shard-00-00.kgvkv.mongodb.net:27017, hosts=[cluster0-shard-00-00.kgvkv.mongodb.net:27017, cluster0-shard-00-01.kgvkv.mongodb.net:27017, cluster0-shard-00-02.kgvkv.mongodb.net:27017], passives=[], arbiters=[], primary='cluster0-shard-00-02.kgvkv.mongodb.net:27017', tagSet=TagSet{[Tag{name='availabilityZone', value='aps1-az1'}, Tag{name='diskState', value='READY'}, Tag{name='nodeType', value='ELECTABLE'}, Tag{name='provider', value='AWS'}, Tag{name='region', value='AP_SOUTH_1'}, Tag{name='workloadType', value='OPERATIONAL'}]}, electionId=null, setVersion=250, topologyVersion=TopologyVersion{processId=682d68776a130fdbcd73e8a0, counter=5}, lastWriteDate=Mon Jun 02 08:11:45 IST 2025, lastUpdateTimeNanos=1515595876742300}
2025-06-02T08:11:44.326+05:30  INFO 38908 --- [demo] [ngodb.net:27017] org.mongodb.driver.cluster               : Discovered replica set primary cluster0-shard-00-02.kgvkv.mongodb.net:27017 with max election id 7fffffff00000000000000db and max set version 250
2025-06-02T08:11:44.934+05:30  INFO 38908 --- [demo] [           main] com.example.demo.DemoApplicationTests    : Started DemoApplicationTests in 4.207 seconds (process running for 6.135)
]]></system-out>
    <system-err><![CDATA[Mockito is currently self-attaching to enable the inline-mock-maker. This will no longer work in future releases of the JDK. Please add Mockito as an agent to your build as described in Mockito's documentation: https://javadoc.io/doc/org.mockito/mockito-core/latest/org.mockito/org/mockito/Mockito.html#0.3
WARNING: A Java agent has been loaded dynamically (C:\Users\aman7\.m2\repository\net\bytebuddy\byte-buddy-agent\1.17.5\byte-buddy-agent-1.17.5.jar)
WARNING: If a serviceability tool is in use, please run with -XX:+EnableDynamicAgentLoading to hide this warning
WARNING: If a serviceability tool is not in use, please run with -Djdk.instrument.traceUsage for more information
WARNING: Dynamic loading of agents will be disallowed by default in a future release
]]></system-err>
  </testcase>
</testsuite>